2018-09-05 15:48:58,348 level=[ERROR] logger=[play.core.server.NettyServer] thread=[main] message=[Failed to listen for HTTP on /0.0.0.0:9000!] 
2018-09-05 15:50:56,329 level=[WARN] logger=[connector] thread=[application-akka.actor.default-dispatcher-6] message=[RequestId(govuk-tax-10eae374-77ee-4b2c-b97a-413ffe0cf7dc):POST:220600657:220.600ms:101260687:101.260ms:e6f5:http://localhost:8500/auth/authorise:failed POST of 'http://localhost:8500/auth/authorise' failed. Caused by: 'Connection refused: localhost/127.0.0.1:8500'] 
2018-09-05 15:50:56,378 level=[ERROR] logger=[application] thread=[application-akka.actor.default-dispatcher-4] message=[

! Internal server error, for (GET) [/vat-through-software/vat-overview] ->
 ] exception=[uk.gov.hmrc.http.BadGatewayException: POST of 'http://localhost:8500/auth/authorise' failed. Caused by: 'Connection refused: localhost/127.0.0.1:8500'
	at uk.gov.hmrc.http.HttpVerb$$anonfun$mapErrors$1.applyOrElse(HttpVerb.scala:35)
	at uk.gov.hmrc.http.HttpVerb$$anonfun$mapErrors$1.applyOrElse(HttpVerb.scala:33)
	at scala.runtime.AbstractPartialFunction.apply(AbstractPartialFunction.scala:36)
	at scala.util.Failure$$anonfun$recover$1.apply(Try.scala:216)
	at scala.util.Try$.apply(Try.scala:192)
	at scala.util.Failure.recover(Try.scala:216)
	at scala.concurrent.Future$$anonfun$recover$1.apply(Future.scala:326)
	at scala.concurrent.Future$$anonfun$recover$1.apply(Future.scala:326)
	at scala.concurrent.impl.CallbackRunnable.run(Promise.scala:36)
	at uk.gov.hmrc.play.http.logging.MdcLoggingExecutionContext$RunWithMDC.run(MdcLoggingExecutionContext.scala:42)
	at akka.dispatch.TaskInvocation.run(AbstractDispatcher.scala:39)
	at akka.dispatch.ForkJoinExecutorConfigurator$AkkaForkJoinTask.exec(AbstractDispatcher.scala:415)
	at scala.concurrent.forkjoin.ForkJoinTask.doExec(ForkJoinTask.java:260)
	at scala.concurrent.forkjoin.ForkJoinPool$WorkQueue.runTask(ForkJoinPool.java:1339)
	at scala.concurrent.forkjoin.ForkJoinPool.runWorker(ForkJoinPool.java:1979)
	at scala.concurrent.forkjoin.ForkJoinWorkerThread.run(ForkJoinWorkerThread.java:107)
]
uk.gov.hmrc.http.BadGatewayException: POST of 'http://localhost:8500/auth/authorise' failed. Caused by: 'Connection refused: localhost/127.0.0.1:8500'
	at uk.gov.hmrc.http.HttpVerb$$anonfun$mapErrors$1.applyOrElse(HttpVerb.scala:35)
	at uk.gov.hmrc.http.HttpVerb$$anonfun$mapErrors$1.applyOrElse(HttpVerb.scala:33)
	at scala.runtime.AbstractPartialFunction.apply(AbstractPartialFunction.scala:36)
	at scala.util.Failure$$anonfun$recover$1.apply(Try.scala:216)
	at scala.util.Try$.apply(Try.scala:192)
	at scala.util.Failure.recover(Try.scala:216)
	at scala.concurrent.Future$$anonfun$recover$1.apply(Future.scala:326)
	at scala.concurrent.Future$$anonfun$recover$1.apply(Future.scala:326)
	at scala.concurrent.impl.CallbackRunnable.run(Promise.scala:36)
	at uk.gov.hmrc.play.http.logging.MdcLoggingExecutionContext$RunWithMDC.run(MdcLoggingExecutionContext.scala:42)
	at akka.dispatch.TaskInvocation.run(AbstractDispatcher.scala:39)
	at akka.dispatch.ForkJoinExecutorConfigurator$AkkaForkJoinTask.exec(AbstractDispatcher.scala:415)
	at scala.concurrent.forkjoin.ForkJoinTask.doExec(ForkJoinTask.java:260)
	at scala.concurrent.forkjoin.ForkJoinPool$WorkQueue.runTask(ForkJoinPool.java:1339)
	at scala.concurrent.forkjoin.ForkJoinPool.runWorker(ForkJoinPool.java:1979)
	at scala.concurrent.forkjoin.ForkJoinWorkerThread.run(ForkJoinWorkerThread.java:107)
2018-09-05 15:50:56,383 level=[ERROR] logger=[uk.gov.hmrc.audit.handler.DatastreamHandler] thread=[ForkJoinPool-2-worker-13] message=[Error opening connection, or request timed out] exception=[java.net.ConnectException: Connection refused (Connection refused)
	at java.net.PlainSocketImpl.socketConnect(Native Method)
	at java.net.AbstractPlainSocketImpl.doConnect(AbstractPlainSocketImpl.java:350)
	at java.net.AbstractPlainSocketImpl.connectToAddress(AbstractPlainSocketImpl.java:206)
	at java.net.AbstractPlainSocketImpl.connect(AbstractPlainSocketImpl.java:188)
	at java.net.SocksSocketImpl.connect(SocksSocketImpl.java:392)
	at java.net.Socket.connect(Socket.java:589)
	at sun.net.NetworkClient.doConnect(NetworkClient.java:175)
	at sun.net.www.http.HttpClient.openServer(HttpClient.java:463)
	at sun.net.www.http.HttpClient.openServer(HttpClient.java:558)
	at sun.net.www.http.HttpClient.<init>(HttpClient.java:242)
	at sun.net.www.http.HttpClient.New(HttpClient.java:339)
	at sun.net.www.http.HttpClient.New(HttpClient.java:357)
	at sun.net.www.protocol.http.HttpURLConnection.getNewHttpClient(HttpURLConnection.java:1220)
	at sun.net.www.protocol.http.HttpURLConnection.plainConnect0(HttpURLConnection.java:1156)
	at sun.net.www.protocol.http.HttpURLConnection.plainConnect(HttpURLConnection.java:1050)
	at sun.net.www.protocol.http.HttpURLConnection.connect(HttpURLConnection.java:984)
	at uk.gov.hmrc.audit.handler.HttpHandler.getConnection(HttpHandler.scala:106)
	at uk.gov.hmrc.audit.handler.HttpHandler.sendHttpRequest(HttpHandler.scala:46)
	at uk.gov.hmrc.audit.handler.DatastreamHandler.sendEvent(DatastreamHandler.scala:36)
	at uk.gov.hmrc.audit.handler.DatastreamHandler.sendEvent(DatastreamHandler.scala:32)
	at uk.gov.hmrc.play.audit.http.connector.AuditConnector$$anonfun$uk$gov$hmrc$play$audit$http$connector$AuditConnector$$send$1.apply(AuditConnector.scala:91)
	at uk.gov.hmrc.play.audit.http.connector.AuditConnector$$anonfun$uk$gov$hmrc$play$audit$http$connector$AuditConnector$$send$1.apply(AuditConnector.scala:90)
	at scala.concurrent.impl.Future$PromiseCompletingRunnable.liftedTree1$1(Future.scala:24)
	at scala.concurrent.impl.Future$PromiseCompletingRunnable.run(Future.scala:24)
	at scala.concurrent.impl.ExecutionContextImpl$AdaptedForkJoinTask.exec(ExecutionContextImpl.scala:121)
	at scala.concurrent.forkjoin.ForkJoinTask.doExec(ForkJoinTask.java:260)
	at scala.concurrent.forkjoin.ForkJoinPool$WorkQueue.runTask(ForkJoinPool.java:1339)
	at scala.concurrent.forkjoin.ForkJoinPool.runWorker(ForkJoinPool.java:1979)
	at scala.concurrent.forkjoin.ForkJoinWorkerThread.run(ForkJoinWorkerThread.java:107)
]
java.net.ConnectException: Connection refused (Connection refused)
	at java.net.PlainSocketImpl.socketConnect(Native Method)
	at java.net.AbstractPlainSocketImpl.doConnect(AbstractPlainSocketImpl.java:350)
	at java.net.AbstractPlainSocketImpl.connectToAddress(AbstractPlainSocketImpl.java:206)
	at java.net.AbstractPlainSocketImpl.connect(AbstractPlainSocketImpl.java:188)
	at java.net.SocksSocketImpl.connect(SocksSocketImpl.java:392)
	at java.net.Socket.connect(Socket.java:589)
	at sun.net.NetworkClient.doConnect(NetworkClient.java:175)
	at sun.net.www.http.HttpClient.openServer(HttpClient.java:463)
	at sun.net.www.http.HttpClient.openServer(HttpClient.java:558)
	at sun.net.www.http.HttpClient.<init>(HttpClient.java:242)
	at sun.net.www.http.HttpClient.New(HttpClient.java:339)
	at sun.net.www.http.HttpClient.New(HttpClient.java:357)
	at sun.net.www.protocol.http.HttpURLConnection.getNewHttpClient(HttpURLConnection.java:1220)
	at sun.net.www.protocol.http.HttpURLConnection.plainConnect0(HttpURLConnection.java:1156)
	at sun.net.www.protocol.http.HttpURLConnection.plainConnect(HttpURLConnection.java:1050)
	at sun.net.www.protocol.http.HttpURLConnection.connect(HttpURLConnection.java:984)
	at uk.gov.hmrc.audit.handler.HttpHandler.getConnection(HttpHandler.scala:106)
	at uk.gov.hmrc.audit.handler.HttpHandler.sendHttpRequest(HttpHandler.scala:46)
	at uk.gov.hmrc.audit.handler.DatastreamHandler.sendEvent(DatastreamHandler.scala:36)
	at uk.gov.hmrc.audit.handler.DatastreamHandler.sendEvent(DatastreamHandler.scala:32)
	at uk.gov.hmrc.play.audit.http.connector.AuditConnector$$anonfun$uk$gov$hmrc$play$audit$http$connector$AuditConnector$$send$1.apply(AuditConnector.scala:91)
	at uk.gov.hmrc.play.audit.http.connector.AuditConnector$$anonfun$uk$gov$hmrc$play$audit$http$connector$AuditConnector$$send$1.apply(AuditConnector.scala:90)
	at scala.concurrent.impl.Future$PromiseCompletingRunnable.liftedTree1$1(Future.scala:24)
	at scala.concurrent.impl.Future$PromiseCompletingRunnable.run(Future.scala:24)
	at scala.concurrent.impl.ExecutionContextImpl$AdaptedForkJoinTask.exec(ExecutionContextImpl.scala:121)
	at scala.concurrent.forkjoin.ForkJoinTask.doExec(ForkJoinTask.java:260)
	at scala.concurrent.forkjoin.ForkJoinPool$WorkQueue.runTask(ForkJoinPool.java:1339)
	at scala.concurrent.forkjoin.ForkJoinPool.runWorker(ForkJoinPool.java:1979)
	at scala.concurrent.forkjoin.ForkJoinWorkerThread.run(ForkJoinWorkerThread.java:107)
2018-09-05 15:50:56,383 level=[ERROR] logger=[uk.gov.hmrc.audit.handler.DatastreamHandler] thread=[application-akka.actor.default-dispatcher-6] message=[Error opening connection, or request timed out] exception=[java.net.ConnectException: Connection refused (Connection refused)
	at java.net.PlainSocketImpl.socketConnect(Native Method)
	at java.net.AbstractPlainSocketImpl.doConnect(AbstractPlainSocketImpl.java:350)
	at java.net.AbstractPlainSocketImpl.connectToAddress(AbstractPlainSocketImpl.java:206)
	at java.net.AbstractPlainSocketImpl.connect(AbstractPlainSocketImpl.java:188)
	at java.net.SocksSocketImpl.connect(SocksSocketImpl.java:392)
	at java.net.Socket.connect(Socket.java:589)
	at sun.net.NetworkClient.doConnect(NetworkClient.java:175)
	at sun.net.www.http.HttpClient.openServer(HttpClient.java:463)
	at sun.net.www.http.HttpClient.openServer(HttpClient.java:558)
	at sun.net.www.http.HttpClient.<init>(HttpClient.java:242)
	at sun.net.www.http.HttpClient.New(HttpClient.java:339)
	at sun.net.www.http.HttpClient.New(HttpClient.java:357)
	at sun.net.www.protocol.http.HttpURLConnection.getNewHttpClient(HttpURLConnection.java:1220)
	at sun.net.www.protocol.http.HttpURLConnection.plainConnect0(HttpURLConnection.java:1156)
	at sun.net.www.protocol.http.HttpURLConnection.plainConnect(HttpURLConnection.java:1050)
	at sun.net.www.protocol.http.HttpURLConnection.connect(HttpURLConnection.java:984)
	at uk.gov.hmrc.audit.handler.HttpHandler.getConnection(HttpHandler.scala:106)
	at uk.gov.hmrc.audit.handler.HttpHandler.sendHttpRequest(HttpHandler.scala:46)
	at uk.gov.hmrc.audit.handler.DatastreamHandler.sendEvent(DatastreamHandler.scala:36)
	at uk.gov.hmrc.audit.handler.DatastreamHandler.sendEvent(DatastreamHandler.scala:32)
	at uk.gov.hmrc.play.audit.http.connector.AuditConnector$$anonfun$uk$gov$hmrc$play$audit$http$connector$AuditConnector$$send$1.apply(AuditConnector.scala:91)
	at uk.gov.hmrc.play.audit.http.connector.AuditConnector$$anonfun$uk$gov$hmrc$play$audit$http$connector$AuditConnector$$send$1.apply(AuditConnector.scala:90)
	at scala.concurrent.impl.Future$PromiseCompletingRunnable.liftedTree1$1(Future.scala:24)
	at scala.concurrent.impl.Future$PromiseCompletingRunnable.run(Future.scala:24)
	at uk.gov.hmrc.play.http.logging.MdcLoggingExecutionContext$RunWithMDC.run(MdcLoggingExecutionContext.scala:42)
	at akka.dispatch.TaskInvocation.run(AbstractDispatcher.scala:39)
	at akka.dispatch.ForkJoinExecutorConfigurator$AkkaForkJoinTask.exec(AbstractDispatcher.scala:415)
	at scala.concurrent.forkjoin.ForkJoinTask.doExec(ForkJoinTask.java:260)
	at scala.concurrent.forkjoin.ForkJoinPool$WorkQueue.runTask(ForkJoinPool.java:1339)
	at scala.concurrent.forkjoin.ForkJoinPool.runWorker(ForkJoinPool.java:1979)
	at scala.concurrent.forkjoin.ForkJoinWorkerThread.run(ForkJoinWorkerThread.java:107)
]
java.net.ConnectException: Connection refused (Connection refused)
	at java.net.PlainSocketImpl.socketConnect(Native Method)
	at java.net.AbstractPlainSocketImpl.doConnect(AbstractPlainSocketImpl.java:350)
	at java.net.AbstractPlainSocketImpl.connectToAddress(AbstractPlainSocketImpl.java:206)
	at java.net.AbstractPlainSocketImpl.connect(AbstractPlainSocketImpl.java:188)
	at java.net.SocksSocketImpl.connect(SocksSocketImpl.java:392)
	at java.net.Socket.connect(Socket.java:589)
	at sun.net.NetworkClient.doConnect(NetworkClient.java:175)
	at sun.net.www.http.HttpClient.openServer(HttpClient.java:463)
	at sun.net.www.http.HttpClient.openServer(HttpClient.java:558)
	at sun.net.www.http.HttpClient.<init>(HttpClient.java:242)
	at sun.net.www.http.HttpClient.New(HttpClient.java:339)
	at sun.net.www.http.HttpClient.New(HttpClient.java:357)
	at sun.net.www.protocol.http.HttpURLConnection.getNewHttpClient(HttpURLConnection.java:1220)
	at sun.net.www.protocol.http.HttpURLConnection.plainConnect0(HttpURLConnection.java:1156)
	at sun.net.www.protocol.http.HttpURLConnection.plainConnect(HttpURLConnection.java:1050)
	at sun.net.www.protocol.http.HttpURLConnection.connect(HttpURLConnection.java:984)
	at uk.gov.hmrc.audit.handler.HttpHandler.getConnection(HttpHandler.scala:106)
	at uk.gov.hmrc.audit.handler.HttpHandler.sendHttpRequest(HttpHandler.scala:46)
	at uk.gov.hmrc.audit.handler.DatastreamHandler.sendEvent(DatastreamHandler.scala:36)
	at uk.gov.hmrc.audit.handler.DatastreamHandler.sendEvent(DatastreamHandler.scala:32)
	at uk.gov.hmrc.play.audit.http.connector.AuditConnector$$anonfun$uk$gov$hmrc$play$audit$http$connector$AuditConnector$$send$1.apply(AuditConnector.scala:91)
	at uk.gov.hmrc.play.audit.http.connector.AuditConnector$$anonfun$uk$gov$hmrc$play$audit$http$connector$AuditConnector$$send$1.apply(AuditConnector.scala:90)
	at scala.concurrent.impl.Future$PromiseCompletingRunnable.liftedTree1$1(Future.scala:24)
	at scala.concurrent.impl.Future$PromiseCompletingRunnable.run(Future.scala:24)
	at uk.gov.hmrc.play.http.logging.MdcLoggingExecutionContext$RunWithMDC.run(MdcLoggingExecutionContext.scala:42)
	at akka.dispatch.TaskInvocation.run(AbstractDispatcher.scala:39)
	at akka.dispatch.ForkJoinExecutorConfigurator$AkkaForkJoinTask.exec(AbstractDispatcher.scala:415)
	at scala.concurrent.forkjoin.ForkJoinTask.doExec(ForkJoinTask.java:260)
	at scala.concurrent.forkjoin.ForkJoinPool$WorkQueue.runTask(ForkJoinPool.java:1339)
	at scala.concurrent.forkjoin.ForkJoinPool.runWorker(ForkJoinPool.java:1979)
	at scala.concurrent.forkjoin.ForkJoinWorkerThread.run(ForkJoinWorkerThread.java:107)
2018-09-05 15:50:56,386 level=[WARN] logger=[scala.Predef$] thread=[ForkJoinPool-2-worker-13] message=[DS_EventMissed_AuditRequestFailure : audit item : {"auditSource":"vat-summary-frontend","auditType":"OutboundCall","eventId":"31327795-71c5-4232-9ed9-40b378d837c9","request":{"tags":{"clientIP":"-","path":"http://localhost:8500/auth/authorise","X-Session-ID":"-","Akamai-Reputation":"-","X-Request-ID":"govuk-tax-10eae374-77ee-4b2c-b97a-413ffe0cf7dc","clientPort":"-","transactionName":"http://localhost:8500/auth/authorise"},"detail":{"method":"POST","path":"http://localhost:8500/auth/authorise","deviceID":"mdtpdi#d9787cbc-dab8-426a-b487-952d66f020b7#1536159056022_yYbCqz/ckma/Abex3jmLTw==","requestBody":"{\"authorise\":[{\"$or\":[[{\"$or\":[{\"identifiers\":[],\"state\":\"Activated\",\"enrolment\":\"HMCE-VATDEC-ORG\"},{\"identifiers\":[],\"state\":\"Activated\",\"enrolment\":\"HMCE-VATVAR-ORG\"}]},{\"identifiers\":[],\"state\":\"Activated\",\"enrolment\":\"HMRC-MTD-VAT\"}],{\"identifiers\":[],\"state\":\"Activated\",\"enrolment\":\"HMRC-MTD-VAT\"}]}],\"retrieve\":[\"authorisedEnrolments\"]}","ipAddress":"-","token":"-","Authorization":"-"},"generatedAt":"2018-09-05T14:50:56.307+0000"},"response":{"tags":{},"detail":{"failedRequestReason":"Connection refused: localhost/127.0.0.1:8500"},"generatedAt":"2018-09-05T14:50:56.334+0000"}}] 
2018-09-05 15:50:56,386 level=[WARN] logger=[scala.Predef$] thread=[application-akka.actor.default-dispatcher-6] message=[DS_EventMissed_AuditRequestFailure : audit item : {"auditSource":"vat-summary-frontend","auditType":"RequestReceived","eventId":"f594e621-3686-496d-99a6-c281b9042f01","tags":{"clientIP":"-","path":"/vat-through-software/vat-overview","X-Session-ID":"-","Akamai-Reputation":"-","X-Request-ID":"govuk-tax-10eae374-77ee-4b2c-b97a-413ffe0cf7dc","clientPort":"-","transactionName":"/vat-through-software/vat-overview"},"detail":{"method":"GET","host":"localhost","queryString":"-","failedRequestReason":"POST of 'http://localhost:8500/auth/authorise' failed. Caused by: 'Connection refused: localhost/127.0.0.1:8500'","deviceFingerprint":"-","deviceID":"mdtpdi#d9787cbc-dab8-426a-b487-952d66f020b7#1536159056022_yYbCqz/ckma/Abex3jmLTw==","port":"-","requestBody":"","ipAddress":"-","token":"-","referrer":"-","Authorization":"-","input":"Request to /vat-through-software/vat-overview","userAgentString":"Mozilla/5.0 (X11; Linux x86_64) AppleWebKit/537.36 (KHTML, like Gecko) Chrome/66.0.3359.139 Safari/537.36"},"generatedAt":"2018-09-05T14:50:56.338+0000"}] 
